[2014-11-09 09:45:09] START
[2014-11-09 09:45:09] CREATE api.py: 0
[2014-11-09 09:49:06] EDIT welcome/controllers/default.py: -2
[2014-11-09 10:02:23] EDIT welcome/controllers/default.py: 0
[2014-11-09 10:03:25] EDIT welcome/controllers/default.py: 5
[2014-11-09 10:06:43] EDIT welcome/controllers/default.py: 2
[2014-11-09 10:08:59] EDIT welcome/controllers/default.py: 3
[2014-11-09 10:09:08] EDIT welcome/controllers/default.py: -1
[2014-11-09 10:40:27] DELETE welcome/controllers/api.py: -1
[2014-11-09 10:45:47] EDIT welcome/controllers/default.py: 6
[2014-11-09 10:46:34] EDIT welcome/controllers/default.py: 1
[2014-11-09 10:46:40] EDIT welcome/controllers/default.py: 0
[2014-11-09 10:48:04] EDIT welcome/controllers/default.py: 0
[2014-11-09 10:49:06] EDIT welcome/controllers/default.py: 0
[2014-11-09 10:53:40] EDIT welcome/controllers/default.py: 2
[2014-11-09 11:15:20] EDIT welcome/controllers/default.py: 2
[2014-11-09 11:18:07] EDIT welcome/controllers/default.py: 3
[2014-11-09 11:27:37] EDIT welcome/controllers/default.py: -3
[2014-11-09 11:31:23] CREATE test.html: 0
[2014-11-09 11:31:27] EDIT welcome/views/test.html: 24
[2014-11-09 11:33:04] EDIT welcome/views/test.html: 15
[2014-11-09 11:33:48] EDIT welcome/controllers/default.py: 0
[2014-11-09 11:34:31] EDIT welcome/views/test.html: 2
[2014-11-09 11:35:00] EDIT welcome/views/test.html: -1
[2014-11-09 11:35:12] EDIT welcome/views/test.html: 1
[2014-11-09 11:35:16] EDIT welcome/views/test.html: 0
[2014-11-09 11:35:21] EDIT welcome/views/test.html: 0
[2014-11-09 11:36:40] EDIT welcome/controllers/default.py: 2
[2014-11-09 11:37:31] EDIT welcome/views/default/test.html: 0
[2014-11-09 11:37:41] EDIT welcome/views/default/test.html: 0
[2014-11-09 11:41:11] EDIT welcome/views/default/test.html: 14
[2014-11-09 11:41:15] EDIT welcome/views/default/test.html: 0
[2014-11-09 11:41:56] EDIT welcome/views/default/test.html: 1
[2014-11-09 11:42:11] EDIT welcome/views/default/test.html: 1
[2014-11-09 11:42:14] EDIT welcome/views/default/test.html: 0
[2014-11-09 11:51:43] EDIT welcome/controllers/default.py: 1
[2014-11-09 11:54:17] EDIT welcome/controllers/default.py: 1
[2014-11-09 11:56:13] EDIT welcome/controllers/default.py: 0
[2014-11-09 11:56:23] EDIT welcome/views/default/test.html: 0
[2014-11-09 11:57:41] EDIT welcome/models/db.py: 1
[2014-11-09 11:58:02] EDIT welcome/controllers/default.py: 0
[2014-11-09 11:58:38] EDIT welcome/controllers/default.py: 1
[2014-11-09 11:59:07] EDIT welcome/models/db.py: -1
[2014-11-09 11:59:45] EDIT welcome/controllers/default.py: 0
[2014-11-09 12:03:08] EDIT welcome/views/default/test.html: 2
[2014-11-09 12:05:42] EDIT welcome/views/default/test.html: 0
[2014-11-09 12:05:53] EDIT welcome/views/default/test.html: 0
[2014-11-09 12:06:57] EDIT welcome/views/default/test.html: 2
[2014-11-09 12:07:00] EDIT welcome/views/default/test.html: 2
[2014-11-09 12:07:30] EDIT welcome/views/default/test.html: 3
[2014-11-09 12:07:46] EDIT welcome/views/default/test.html: -3
[2014-11-09 12:14:24] EDIT welcome/views/default/test.html: 5
[2014-11-09 12:17:11] EDIT welcome/views/default/test.html: 3
[2014-11-09 12:17:14] EDIT welcome/views/default/test.html: -2
[2014-11-09 12:18:38] EDIT welcome/views/default/test.html: 1
[2014-11-09 12:18:50] EDIT welcome/views/default/test.html: 0
[2014-11-09 12:19:00] EDIT welcome/views/default/test.html: -3
[2014-11-09 12:19:57] EDIT welcome/views/default/test.html: -3
[2014-11-09 12:20:05] EDIT welcome/views/default/test.html: 0
[2014-11-09 12:20:45] EDIT welcome/controllers/default.py: -1
[2014-11-09 12:20:54] EDIT welcome/controllers/default.py: 1
[2014-11-09 12:22:30] EDIT welcome/controllers/default.py: 1
[2014-11-09 12:22:44] EDIT welcome/controllers/default.py: 1
[2014-11-09 12:23:00] EDIT welcome/controllers/default.py: -1
[2014-11-09 12:26:17] EDIT welcome/views/default/test.html: 3
[2014-11-09 12:28:09] EDIT welcome/views/default/test.html: 4
[2014-11-09 12:33:22] CREATE db_tables.py: 0
[2014-11-09 12:35:58] EDIT welcome/models/db_tables.py: 0
